{"uid":"657ab74c0953ca23","name":"Division avec vérification incorrecte - ÉCHEC","fullName":"tests.test_calculator.TestCalculatorBasic#test_divide_incorrect_assertion","historyId":"cd34282228abc49e8d8b37e1c4df9a77","time":{"start":1769081122929,"stop":1769081122929,"duration":0},"description":"Ce test échoue intentionnellement pour démontrer les rapports d'échec","descriptionHtml":"<p>Ce test échoue intentionnellement pour démontrer les rapports d'échec</p>\n","status":"failed","statusMessage":"AssertionError: assert 5.0 == 6","statusTrace":"tests/test_calculator.py:107: in test_divide_incorrect_assertion\n    assert result == 6  # Devrait être 5, donc ce test échoue\nE   assert 5.0 == 6","flaky":false,"newFailed":false,"newBroken":false,"newPassed":false,"retriesCount":4,"retriesStatusChange":false,"beforeStages":[{"name":"calc","time":{"start":1769081122929,"stop":1769081122929,"duration":0},"status":"passed","steps":[],"attachments":[],"parameters":[],"shouldDisplayMessage":false,"stepsCount":0,"attachmentsCount":0,"hasContent":false,"attachmentStep":false}],"afterStages":[],"labels":[{"name":"story","value":"Division"},{"name":"severity","value":"normal"},{"name":"feature","value":"Opérations arithmétiques de base"},{"name":"epic","value":"Calculator API"},{"name":"parentSuite","value":"tests"},{"name":"suite","value":"test_calculator"},{"name":"subSuite","value":"TestCalculatorBasic"},{"name":"host","value":"cam-VMware-Virtual-Platform"},{"name":"thread","value":"17999-MainThread"},{"name":"framework","value":"pytest"},{"name":"language","value":"cpython3"},{"name":"package","value":"tests.test_calculator"},{"name":"resultFormat","value":"allure2"}],"parameters":[],"links":[],"hidden":false,"retry":false,"extra":{"severity":"normal","retries":[{"uid":"1f8c627f9c359bc1","status":"failed","statusDetails":"AssertionError: assert 5.0 == 6","time":{"start":1769080407230,"stop":1769080407230,"duration":0}},{"uid":"9df66e8af0cc2057","status":"failed","statusDetails":"AssertionError: assert 5.0 == 6","time":{"start":1769080386842,"stop":1769080386843,"duration":1}},{"uid":"b3c661c78d787c72","status":"failed","statusDetails":"AssertionError: assert 5.0 == 6","time":{"start":1769080367797,"stop":1769080367797,"duration":0}},{"uid":"840bacba82cfef73","status":"failed","statusDetails":"AssertionError: assert 5.0 == 6","time":{"start":1769080357350,"stop":1769080357352,"duration":2}}],"categories":[{"name":"Product defects","matchedStatuses":[]}],"tags":[]},"source":"657ab74c0953ca23.json","parameterValues":[]}