{"uid":"688c7c911f42c949","name":"Calcul incorrect - ÉCHEC","fullName":"tests.test_calculator_integration.TestCalculatorIntegration#test_complex_calculation_incorrect","historyId":"553c9f187251b4aea9a57deaad384bfa","time":{"start":1769081123522,"stop":1769081123523,"duration":1},"description":"Ce test échoue - logique incorrecte","descriptionHtml":"<p>Ce test échoue - logique incorrecte</p>\n","status":"failed","statusMessage":"AssertionError: assert 16 == 15","statusTrace":"tests/test_calculator_integration.py:45: in test_complex_calculation_incorrect\n    assert result == 15  # Devrait être 16, donc échec\nE   assert 16 == 15","flaky":false,"newFailed":false,"newBroken":false,"newPassed":false,"retriesCount":3,"retriesStatusChange":false,"beforeStages":[{"name":"calc","time":{"start":1769081123522,"stop":1769081123522,"duration":0},"status":"passed","steps":[],"attachments":[],"parameters":[],"shouldDisplayMessage":false,"stepsCount":0,"attachmentsCount":0,"hasContent":false,"attachmentStep":false}],"afterStages":[],"labels":[{"name":"feature","value":"Tests d'intégration"},{"name":"severity","value":"critical"},{"name":"story","value":"Opérations combinées"},{"name":"epic","value":"Calculator API"},{"name":"parentSuite","value":"tests"},{"name":"suite","value":"test_calculator_integration"},{"name":"subSuite","value":"TestCalculatorIntegration"},{"name":"host","value":"cam-VMware-Virtual-Platform"},{"name":"thread","value":"17999-MainThread"},{"name":"framework","value":"pytest"},{"name":"language","value":"cpython3"},{"name":"package","value":"tests.test_calculator_integration"},{"name":"resultFormat","value":"allure2"}],"parameters":[],"links":[],"hidden":false,"retry":false,"extra":{"severity":"critical","retries":[{"uid":"9608c4a63b139893","status":"failed","statusDetails":"AssertionError: assert 16 == 15","time":{"start":1769080407795,"stop":1769080407796,"duration":1}},{"uid":"39d29406dfb9534f","status":"failed","statusDetails":"AssertionError: assert 16 == 15","time":{"start":1769080386926,"stop":1769080386926,"duration":0}},{"uid":"e85c73a8e9780c12","status":"failed","statusDetails":"AssertionError: assert 16 == 15","time":{"start":1769080357953,"stop":1769080357953,"duration":0}}],"categories":[{"name":"Product defects","matchedStatuses":[]}],"tags":[]},"source":"688c7c911f42c949.json","parameterValues":[]}