{"uid":"6e216aa660b956a4","name":"Puissance avec base négative - assertion incorrecte","fullName":"tests.test_calculator_advanced.TestCalculatorAdvanced#test_power_negative_base_incorrect","historyId":"9ec68ac9d6de1333e18562331db3a4a2","time":{"start":1769081123472,"stop":1769081123472,"duration":0},"description":"Ce test échoue - bug dans l'assertion","descriptionHtml":"<p>Ce test échoue - bug dans l'assertion</p>\n","status":"failed","statusMessage":"AssertionError: assert 4 == -4","statusTrace":"tests/test_calculator_advanced.py:42: in test_power_negative_base_incorrect\n    assert result == -4  # Devrait être 4, donc échec\nE   assert 4 == -4","flaky":false,"newFailed":false,"newBroken":false,"newPassed":false,"retriesCount":3,"retriesStatusChange":false,"beforeStages":[{"name":"calc","time":{"start":1769081123472,"stop":1769081123472,"duration":0},"status":"passed","steps":[],"attachments":[],"parameters":[],"shouldDisplayMessage":false,"stepsCount":0,"attachmentsCount":0,"hasContent":false,"attachmentStep":false}],"afterStages":[],"labels":[{"name":"feature","value":"Opérations avancées et edge cases"},{"name":"severity","value":"normal"},{"name":"epic","value":"Calculator API"},{"name":"story","value":"Puissance"},{"name":"parentSuite","value":"tests"},{"name":"suite","value":"test_calculator_advanced"},{"name":"subSuite","value":"TestCalculatorAdvanced"},{"name":"host","value":"cam-VMware-Virtual-Platform"},{"name":"thread","value":"17999-MainThread"},{"name":"framework","value":"pytest"},{"name":"language","value":"cpython3"},{"name":"package","value":"tests.test_calculator_advanced"},{"name":"resultFormat","value":"allure2"}],"parameters":[],"links":[],"hidden":false,"retry":false,"extra":{"severity":"normal","retries":[{"uid":"b10e2c40fad049bb","status":"failed","statusDetails":"AssertionError: assert 4 == -4","time":{"start":1769080407754,"stop":1769080407754,"duration":0}},{"uid":"67c0e77a0ba68401","status":"failed","statusDetails":"AssertionError: assert 4 == -4","time":{"start":1769080386893,"stop":1769080386896,"duration":3}},{"uid":"6cdef643cd53415f","status":"failed","statusDetails":"AssertionError: assert 4 == -4","time":{"start":1769080357887,"stop":1769080357888,"duration":1}}],"categories":[{"name":"Product defects","matchedStatuses":[]}],"tags":[]},"source":"6e216aa660b956a4.json","parameterValues":[]}